0 info it worked if it ends with ok
1 verbose cli [ 'C:\\Program Files\\nodejs\\node.exe',
1 verbose cli   'C:\\Users\\Kiki\\AppData\\Roaming\\npm\\node_modules\\npm\\bin\\npm-cli.js',
1 verbose cli   'start' ]
2 info using npm@4.0.2
3 info using node@v4.6.0
4 verbose run-script [ 'prestart', 'start', 'poststart' ]
5 info lifecycle inspinia_angular2_starter@1.0.0~prestart: inspinia_angular2_starter@1.0.0
6 silly lifecycle inspinia_angular2_starter@1.0.0~prestart: no script for prestart, continuing
7 info lifecycle inspinia_angular2_starter@1.0.0~start: inspinia_angular2_starter@1.0.0
8 verbose lifecycle inspinia_angular2_starter@1.0.0~start: unsafe-perm in lifecycle true
9 verbose lifecycle inspinia_angular2_starter@1.0.0~start: PATH: C:\Users\Kiki\AppData\Roaming\npm\node_modules\npm\bin\node-gyp-bin;C:\node\IMIE\SpeedJob\node_modules\.bin;C:\ProgramData\Oracle\Java\javapath;C:\Program Files (x86)\Intel\iCLS Client\;C:\Program Files\Intel\iCLS Client\;C:\WINDOWS\system32;C:\WINDOWS;C:\WINDOWS\System32\Wbem;C:\WINDOWS\System32\WindowsPowerShell\v1.0\;C:\Program Files (x86)\Skype\Phone\;C:\Program Files\Intel\Intel(R) Management Engine Components\DAL;C:\Program Files\Intel\Intel(R) Management Engine Components\IPT;C:\Program Files (x86)\Intel\Intel(R) Management Engine Components\DAL;C:\Program Files (x86)\Intel\Intel(R) Management Engine Components\IPT;C:\Program Files (x86)\GtkSharp\2.12\bin;C:\WINDOWS\system32;C:\WINDOWS;C:\WINDOWS\System32\Wbem;C:\WINDOWS\System32\WindowsPowerShell\v1.0\;C:\Program Files (x86)\NVIDIA Corporation\PhysX\Common;C:\Program Files\nodejs\;C:\Users\Kiki\AppData\Local\Programs\Python\Python35-32\Scripts\;C:\Users\Kiki\AppData\Local\Programs\Python\Python35-32\;C:\Users\Kiki\AppData\Local\Programs\Git\cmd;C:\Users\Kiki\AppData\Local\Programs\Git\mingw64\bin;C:\Program Files\Java\jdk1.8.0_65\bin;C:\wamp64\bin\mysql\mysql5.7.14\bin;C:\Users\Kiki\AppData\Local\Microsoft\WindowsApps;C:\Users\Kiki\AppData\Roaming\npm
10 verbose lifecycle inspinia_angular2_starter@1.0.0~start: CWD: C:\node\IMIE\SpeedJob
11 silly lifecycle inspinia_angular2_starter@1.0.0~start: Args: [ '/d /s /c', 'npm run server' ]
12 silly lifecycle inspinia_angular2_starter@1.0.0~start: Returned: code: 3221225786  signal: null
13 info lifecycle inspinia_angular2_starter@1.0.0~start: Failed to exec start script
14 verbose stack Error: inspinia_angular2_starter@1.0.0 start: `npm run server`
14 verbose stack Exit status 3221225786
14 verbose stack     at EventEmitter.<anonymous> (C:\Users\Kiki\AppData\Roaming\npm\node_modules\npm\lib\utils\lifecycle.js:279:16)
14 verbose stack     at emitTwo (events.js:87:13)
14 verbose stack     at EventEmitter.emit (events.js:172:7)
14 verbose stack     at ChildProcess.<anonymous> (C:\Users\Kiki\AppData\Roaming\npm\node_modules\npm\lib\utils\spawn.js:40:14)
14 verbose stack     at emitTwo (events.js:87:13)
14 verbose stack     at ChildProcess.emit (events.js:172:7)
14 verbose stack     at maybeClose (internal/child_process.js:829:16)
14 verbose stack     at Process.ChildProcess._handle.onexit (internal/child_process.js:211:5)
15 verbose pkgid inspinia_angular2_starter@1.0.0
16 verbose cwd C:\node\IMIE\SpeedJob
17 error Windows_NT 10.0.14393
18 error argv "C:\\Program Files\\nodejs\\node.exe" "C:\\Users\\Kiki\\AppData\\Roaming\\npm\\node_modules\\npm\\bin\\npm-cli.js" "start"
19 error node v4.6.0
20 error npm  v4.0.2
21 error code ELIFECYCLE
22 error inspinia_angular2_starter@1.0.0 start: `npm run server`
22 error Exit status 3221225786
23 error Failed at the inspinia_angular2_starter@1.0.0 start script 'npm run server'.
23 error Make sure you have the latest version of node.js and npm installed.
23 error If you do, this is most likely a problem with the inspinia_angular2_starter package,
23 error not with npm itself.
23 error Tell the author that this fails on your system:
23 error     npm run server
23 error You can get information on how to open an issue for this project with:
23 error     npm bugs inspinia_angular2_starter
23 error Or if that isn't available, you can get their info via:
23 error     npm owner ls inspinia_angular2_starter
23 error There is likely additional logging output above.
24 verbose exit [ 1, true ]
